Started GET "/movies" for 127.0.0.1 at 2018-05-08 10:49:42 +0200
  
ActionController::RoutingError (No route matches [GET] "/movies"):
  
actionpack (5.1.6) lib/action_dispatch/middleware/debug_exceptions.rb:63:in `call'
web-console (3.6.2) lib/web_console/middleware.rb:135:in `call_app'
web-console (3.6.2) lib/web_console/middleware.rb:30:in `block in call'
web-console (3.6.2) lib/web_console/middleware.rb:20:in `catch'
web-console (3.6.2) lib/web_console/middleware.rb:20:in `call'
actionpack (5.1.6) lib/action_dispatch/middleware/show_exceptions.rb:31:in `call'
railties (5.1.6) lib/rails/rack/logger.rb:36:in `call_app'
railties (5.1.6) lib/rails/rack/logger.rb:24:in `block in call'
activesupport (5.1.6) lib/active_support/tagged_logging.rb:69:in `block in tagged'
activesupport (5.1.6) lib/active_support/tagged_logging.rb:26:in `tagged'
activesupport (5.1.6) lib/active_support/tagged_logging.rb:69:in `tagged'
railties (5.1.6) lib/rails/rack/logger.rb:24:in `call'
sprockets-rails (3.2.1) lib/sprockets/rails/quiet_assets.rb:13:in `call'
actionpack (5.1.6) lib/action_dispatch/middleware/remote_ip.rb:79:in `call'
actionpack (5.1.6) lib/action_dispatch/middleware/request_id.rb:25:in `call'
rack (2.0.5) lib/rack/method_override.rb:22:in `call'
rack (2.0.5) lib/rack/runtime.rb:22:in `call'
activesupport (5.1.6) lib/active_support/cache/strategy/local_cache_middleware.rb:27:in `call'
actionpack (5.1.6) lib/action_dispatch/middleware/executor.rb:12:in `call'
actionpack (5.1.6) lib/action_dispatch/middleware/static.rb:125:in `call'
rack (2.0.5) lib/rack/sendfile.rb:111:in `call'
railties (5.1.6) lib/rails/engine.rb:522:in `call'
puma (3.11.4) lib/puma/configuration.rb:225:in `call'
puma (3.11.4) lib/puma/server.rb:632:in `handle_request'
puma (3.11.4) lib/puma/server.rb:446:in `process_client'
puma (3.11.4) lib/puma/server.rb:306:in `block in run'
puma (3.11.4) lib/puma/thread_pool.rb:120:in `block in spawn_thread'
Started GET "/movies" for 127.0.0.1 at 2018-05-08 10:49:44 +0200
  
ActionController::RoutingError (No route matches [GET] "/movies"):
  
actionpack (5.1.6) lib/action_dispatch/middleware/debug_exceptions.rb:63:in `call'
web-console (3.6.2) lib/web_console/middleware.rb:135:in `call_app'
web-console (3.6.2) lib/web_console/middleware.rb:30:in `block in call'
web-console (3.6.2) lib/web_console/middleware.rb:20:in `catch'
web-console (3.6.2) lib/web_console/middleware.rb:20:in `call'
actionpack (5.1.6) lib/action_dispatch/middleware/show_exceptions.rb:31:in `call'
railties (5.1.6) lib/rails/rack/logger.rb:36:in `call_app'
railties (5.1.6) lib/rails/rack/logger.rb:24:in `block in call'
activesupport (5.1.6) lib/active_support/tagged_logging.rb:69:in `block in tagged'
activesupport (5.1.6) lib/active_support/tagged_logging.rb:26:in `tagged'
activesupport (5.1.6) lib/active_support/tagged_logging.rb:69:in `tagged'
railties (5.1.6) lib/rails/rack/logger.rb:24:in `call'
sprockets-rails (3.2.1) lib/sprockets/rails/quiet_assets.rb:13:in `call'
actionpack (5.1.6) lib/action_dispatch/middleware/remote_ip.rb:79:in `call'
actionpack (5.1.6) lib/action_dispatch/middleware/request_id.rb:25:in `call'
rack (2.0.5) lib/rack/method_override.rb:22:in `call'
rack (2.0.5) lib/rack/runtime.rb:22:in `call'
activesupport (5.1.6) lib/active_support/cache/strategy/local_cache_middleware.rb:27:in `call'
actionpack (5.1.6) lib/action_dispatch/middleware/executor.rb:12:in `call'
actionpack (5.1.6) lib/action_dispatch/middleware/static.rb:125:in `call'
rack (2.0.5) lib/rack/sendfile.rb:111:in `call'
railties (5.1.6) lib/rails/engine.rb:522:in `call'
puma (3.11.4) lib/puma/configuration.rb:225:in `call'
puma (3.11.4) lib/puma/server.rb:632:in `handle_request'
puma (3.11.4) lib/puma/server.rb:446:in `process_client'
puma (3.11.4) lib/puma/server.rb:306:in `block in run'
puma (3.11.4) lib/puma/thread_pool.rb:120:in `block in spawn_thread'
Started GET "/" for 127.0.0.1 at 2018-05-08 10:49:45 +0200
Processing by Rails::WelcomeController#index as HTML
Started GET "/" for 127.0.0.1 at 2018-05-08 10:49:45 +0200
Processing by Rails::WelcomeController#index as HTML
  Rendering /Library/Ruby/Gems/2.3.0/gems/railties-5.1.6/lib/rails/templates/rails/welcome/index.html.erb
  Rendered /Library/Ruby/Gems/2.3.0/gems/railties-5.1.6/lib/rails/templates/rails/welcome/index.html.erb (3.3ms)
  Rendering /Library/Ruby/Gems/2.3.0/gems/railties-5.1.6/lib/rails/templates/rails/welcome/index.html.erb
Completed 200 OK in 232ms (Views: 10.5ms)


  Rendered /Library/Ruby/Gems/2.3.0/gems/railties-5.1.6/lib/rails/templates/rails/welcome/index.html.erb (0.2ms)
Completed 200 OK in 272ms (Views: 16.4ms)


